<?xml version="1.0" encoding="UTF-8"?>
<testng-results ignored="0" total="1" passed="1" failed="0" skipped="0">
  <reporter-output>
  </reporter-output>
  <suite started-at="2024-05-28T12:57:36Z" name="Default suite" finished-at="2024-05-28T12:58:02Z" duration-ms="26722">
    <groups>
    </groups>
    <test started-at="2024-05-28T12:57:36Z" name="Default test" finished-at="2024-05-28T12:58:02Z" duration-ms="26722">
      <class name="com.maisha.maliha.Web_Automation_Basic.OpenUrl">
        <test-method is-config="true" signature="startBrowser()[pri:0, instance:com.maisha.maliha.Web_Automation_Basic.OpenUrl@58ce9668]" started-at="2024-05-28T18:57:33Z" name="startBrowser" finished-at="2024-05-28T18:57:36Z" duration-ms="2480" status="PASS">
          <reporter-output>
          </reporter-output>
        </test-method> <!-- startBrowser -->
        <test-method signature="open()[pri:0, instance:com.maisha.maliha.Web_Automation_Basic.OpenUrl@58ce9668]" started-at="2024-05-28T18:57:36Z" name="open" finished-at="2024-05-28T18:58:02Z" duration-ms="26706" status="PASS">
          <reporter-output>
          </reporter-output>
        </test-method> <!-- open -->
        <test-method is-config="true" signature="closeBrowser()[pri:0, instance:com.maisha.maliha.Web_Automation_Basic.OpenUrl@58ce9668]" started-at="2024-05-28T18:58:02Z" name="closeBrowser" finished-at="2024-05-28T18:58:03Z" duration-ms="475" status="PASS">
          <reporter-output>
          </reporter-output>
        </test-method> <!-- closeBrowser -->
      </class> <!-- com.maisha.maliha.Web_Automation_Basic.OpenUrl -->
    </test> <!-- Default test -->
  </suite> <!-- Default suite -->
</testng-results>
